<?xml version="1.0" encoding="UTF-8"?>
<!-- Generated by org.testng.reporters.JUnitReportReporter -->
<testsuite hostname="LAKESH-LAPTOP" failures="0" tests="9" name="demo.TestCases" time="9.614" errors="0" timestamp="7 Feb 2025 06:03:34 GMT">
  <testcase classname="demo.TestCases" name="testCase06" time="1.918"/>
  <testcase classname="demo.TestCases" name="testCase03" time="0.224"/>
  <testcase classname="demo.TestCases" name="testCase04" time="0.146"/>
  <testcase classname="demo.TestCases" name="testCase01" time="2.879"/>
  <testcase classname="demo.TestCases" name="testCase08" time="2.042"/>
  <testcase classname="demo.TestCases" name="testCase09" time="0.126"/>
  <testcase classname="demo.TestCases" name="testCase02" time="1.360"/>
  <testcase classname="demo.TestCases" name="testCase05" time="0.692"/>
  <testcase classname="demo.TestCases" name="testCase07" time="0.227"/>
</testsuite> <!-- demo.TestCases -->
