<?xml version="1.0" encoding="UTF-8"?>
<testsuite name="demo.TestCases" tests="9" skipped="0" failures="0" errors="0" timestamp="2025-02-07T06:03:24" hostname="LAKESH-LAPTOP" time="9.628">
  <properties/>
  <testcase name="testCase01" classname="demo.TestCases" time="2.879"/>
  <testcase name="testCase02" classname="demo.TestCases" time="1.36"/>
  <testcase name="testCase03" classname="demo.TestCases" time="0.224"/>
  <testcase name="testCase04" classname="demo.TestCases" time="0.146"/>
  <testcase name="testCase05" classname="demo.TestCases" time="0.692"/>
  <testcase name="testCase06" classname="demo.TestCases" time="1.918"/>
  <testcase name="testCase07" classname="demo.TestCases" time="0.227"/>
  <testcase name="testCase08" classname="demo.TestCases" time="2.042"/>
  <testcase name="testCase09" classname="demo.TestCases" time="0.126"/>
  <system-out><![CDATA[Start Test case: testCase01
open url called
testCase01: Passed
End Test case: testCase01
Start Test case: testCase02
testCase02: Passed
End Test case: testCase02
Start Test case: testCase03
epoch time : 1738908208422
testCase03: Passed
End Test case: testCase03
Start Test case: testCase04
0 - 2 experieance selected
testCase04: Passed
End Test case: testCase04
Start Test case: testCase05
Java is selected
Selenium is selected
TestNG is selected
testCase05: Passed
End Test case: testCase05
Start Test case: testCase06
Mr selected
testCase06: Passed
End Test case: testCase06
Start Test case: testCase07
testCase07: Passed
End Test case: testCase07
Start Test case: testCase08
testCase08: Passed
End Test case: testCase08
Start Test case: testCase09
Thanks for your response, Automation Wizard!
testCase09: Passed
End Test case: testCase09
]]></system-out>
  <system-err><![CDATA[]]></system-err>
</testsuite>
